This file contains any messages produced by compilers while
running configure, to aid debugging if configure makes a mistake.

It was created by configure, which was
generated by GNU Autoconf 2.52.20120310.  Invocation command line was

  $ ./configure 

## ---------- ##
## Platform.  ##
## ---------- ##

hostname = Air-2.local
uname -m = x86_64
uname -r = 12.4.0
uname -s = Darwin
uname -v = Darwin Kernel Version 12.4.0: Wed May  1 17:57:12 PDT 2013; root:xnu-2050.24.15~1/RELEASE_X86_64

/usr/bin/uname -p = i386
/bin/uname -X     = unknown

/bin/arch              = unknown
/usr/bin/arch -k       = unknown
/usr/convex/getsysinfo = unknown
hostinfo               = Mach kernel version:
	 Darwin Kernel Version 12.4.0: Wed May  1 17:57:12 PDT 2013; root:xnu-2050.24.15~1/RELEASE_X86_64
Kernel configured for up to 4 processors.
2 processors are physically available.
4 processors are logically available.
Processor type: i486 (Intel 80486)
Processors active: 0 1 2 3
Primary memory available: 4.00 gigabytes
Default processor set: 131 tasks, 665 threads, 4 processors
Load average: 1.82, Mach factor: 2.34
/bin/machine           = unknown
/usr/bin/oslevel       = unknown
/bin/universe          = unknown

PATH = /Users/roxyfoxy/.rvm/gems/jruby-1.7.2/bin:/Users/roxyfoxy/.rvm/gems/jruby-1.7.2@global/bin:/Users/roxyfoxy/.rvm/rubies/jruby-1.7.2/bin:/Users/roxyfoxy/.rvm/bin:/opt/local/bin:/opt/local/sbin:/Library/Frameworks/Python.framework/Versions/2.7/bin:/usr/bin:/bin:/usr/sbin:/sbin:/usr/local/bin:/opt/X11/bin

## ------------ ##
## Core tests.  ##
## ------------ ##

configure:986: PATH=".;."; conftest.sh
./configure: line 987: conftest.sh: command not found
configure:989: $? = 127
configure:1031: checking build system type
configure:1049: result: x86_64-apple-darwin12.4.0
configure:1057: checking host system type
configure:1071: result: x86_64-apple-darwin12.4.0
configure:1096: result: Configuring for darwin12.4.0
configure:1108: checking for package version
configure:1129: result: 5.0
configure:1132: checking for package patch date
configure:1149: result: 20120323
configure:1160: testing VERSION 4:2:4 ...
configure:1164: testing VERSION_MAJOR 5 ...
configure:1168: testing VERSION_MINOR 0 ...
configure:1172: testing VERSION_PATCH 20120323 ...
configure:1234: checking for gcc
configure:1249: found /usr/bin/gcc
configure:1257: result: gcc
configure:1485: checking for C compiler version
configure:1488: gcc --version </dev/null >&5
i686-apple-darwin11-llvm-gcc-4.2 (GCC) 4.2.1 (Based on Apple Inc. build 5658) (LLVM build 2336.11.00)
Copyright (C) 2007 Free Software Foundation, Inc.
This is free software; see the source for copying conditions.  There is NO
warranty; not even for MERCHANTABILITY or FITNESS FOR A PARTICULAR PURPOSE.

configure:1491: $? = 0
configure:1493: gcc -v </dev/null >&5
Using built-in specs.
Target: i686-apple-darwin11
Configured with: /private/var/tmp/llvmgcc42/llvmgcc42-2336.11~182/src/configure --disable-checking --enable-werror --prefix=/Applications/Xcode.app/Contents/Developer/usr/llvm-gcc-4.2 --mandir=/share/man --enable-languages=c,objc,c++,obj-c++ --program-prefix=llvm- --program-transform-name=/^[cg][^.-]*$/s/$/-4.2/ --with-slibdir=/usr/lib --build=i686-apple-darwin11 --enable-llvm=/private/var/tmp/llvmgcc42/llvmgcc42-2336.11~182/dst-llvmCore/Developer/usr/local --program-prefix=i686-apple-darwin11- --host=x86_64-apple-darwin11 --target=i686-apple-darwin11 --with-gxx-include-dir=/usr/include/c++/4.2.1
Thread model: posix
gcc version 4.2.1 (Based on Apple Inc. build 5658) (LLVM build 2336.11.00)
configure:1496: $? = 0
configure:1498: gcc -V </dev/null >&5
llvm-gcc-4.2: argument to `-V' is missing
configure:1501: $? = 1
configure:1521: checking for C compiler default output
configure:1524: gcc    conftest.c  >&5
configure:1527: $? = 0
configure:1556: result: a.out
configure:1561: checking whether the C compiler works
configure:1567: ./a.out
configure:1570: $? = 0
configure:1585: result: yes
configure:1592: checking whether we are cross compiling
configure:1594: result: no
configure:1597: checking for executable suffix
configure:1599: gcc -o conftest    conftest.c  >&5
configure:1602: $? = 0
configure:1624: result: 
configure:1630: checking for object suffix
configure:1648: gcc -c   conftest.c >&5
configure:1651: $? = 0
configure:1670: result: o
configure:1674: checking whether we are using the GNU C compiler
configure:1695: gcc -c   conftest.c >&5
configure:1698: $? = 0
configure:1701: test -s conftest.o
configure:1704: $? = 0
configure:1716: result: yes
configure:1722: checking whether gcc accepts -g
configure:1740: gcc -c -g  conftest.c >&5
configure:1743: $? = 0
configure:1746: test -s conftest.o
configure:1749: $? = 0
configure:1759: result: yes
configure:1786: gcc -c -g -O2  conftest.c >&5
conftest.c:2: error: expected '=', ',', ';', 'asm' or '__attribute__' before 'me'
configure:1789: $? = 1
configure: failed program was:
#ifndef __cplusplus
  choke me
#endif
configure:1894: checking how to run the C preprocessor
configure:1920: gcc -E  conftest.c
configure:1926: $? = 0
configure:1953: gcc -E  conftest.c
configure:1950:28: error: ac_nonexistent.h: No such file or directory
configure:1959: $? = 1
configure: failed program was:
#line 1949 "configure"
#include "confdefs.h"
#include <ac_nonexistent.h>
configure:1996: result: gcc -E
configure:2011: gcc -E  conftest.c
configure:2017: $? = 0
configure:2044: gcc -E  conftest.c
configure:2041:28: error: ac_nonexistent.h: No such file or directory
configure:2050: $? = 1
configure: failed program was:
#line 2040 "configure"
#include "confdefs.h"
#include <ac_nonexistent.h>
configure:2091: checking whether gcc needs -traditional
configure:2114:20: error: termio.h: No such file or directory
configure:2126: result: no
configure:2171: checking for ranlib
configure:2186: found /usr/bin/ranlib
configure:2195: result: ranlib
configure:2219: checking for a BSD compatible install
configure:2268: result: /opt/local/bin/ginstall -c
configure:2279: checking whether ln -s works
configure:2283: result: yes
configure:2290: checking if ln -s -f options work
configure:2302: result: yes
configure:2345: checking for ar
configure:2360: found /usr/bin/ar
configure:2369: result: ar
configure:2381: checking whether make sets ${MAKE}
configure:2401: result: yes
configure:2410: checking for makeflags variable
configure:2444: result: 
configure:2447: checking if filesystem supports mixed-case filenames
configure:2474: result: no
configure:2484: checking for exctags
configure:2510: result: no
configure:2484: checking for ctags
configure:2499: found /usr/bin/ctags
configure:2507: result: ctags
configure:2521: checking for exetags
configure:2547: result: no
configure:2521: checking for etags
configure:2536: found /usr/bin/etags
configure:2544: result: etags
configure:2556: checking for ctags
configure:2571: found /usr/bin/ctags
configure:2580: result: yes
configure:2643: checking $CC variable
configure:2735: result: ok
configure:2740: checking for gcc option to accept ANSI C
configure:2865: gcc -c -g -O2   -DCC_HAS_PROTOS conftest.c >&5
configure:2868: $? = 0
configure:2871: test -s conftest.o
configure:2874: $? = 0
configure:2887: result: -DCC_HAS_PROTOS
configure:2993: checking for gcc option to accept ANSI C
configure:3050: gcc  -c -g -O2  conftest.c >&5
configure:3053: $? = 0
configure:3056: test -s conftest.o
configure:3059: $? = 0
configure:3076: result: none needed
configure:3084: checking for an ANSI C-conforming const
configure:3148: gcc -c -g -O2  conftest.c >&5
configure:3151: $? = 0
configure:3154: test -s conftest.o
configure:3157: $? = 0
configure:3167: result: yes
configure:4337: checking if you want to see long compiling messages
configure:4371: result: yes
configure:4413: checking for specific curses-directory
configure:4423: result: no
configure:4572: checking version of gcc
configure:4576: result: 4.2.1
configure:4582: checking if you want to check for gcc warnings
configure:4592: result: no
configure:4859: checking if you want to use pkg-config
configure:4869: result: yes
configure:4921: checking for pkg-config
configure:4938: found /opt/local/bin/pkg-config
configure:4950: result: /opt/local/bin/pkg-config
configure:5004: checking if libtool -version-number should be used
configure:5021: result: yes
configure:5046: checking if you want to build libraries with libtool
configure:5056: result: no
configure:5193: checking if you want to use dmalloc for testing
configure:5209: result: no
configure:5404: checking if you want to use dbmalloc for testing
configure:5420: result: no
configure:5615: checking if you want to use valgrind for testing
configure:5631: result: no
configure:5724: checking if you want to perform memory-leak testing
configure:5734: result: no
configure:5751: checking for dirent.h that defines DIR
configure:5772: gcc -c -g -O2   -D_DARWIN_C_SOURCE conftest.c >&5
configure:5775: $? = 0
configure:5778: test -s conftest.o
configure:5781: $? = 0
configure:5791: result: yes
configure:5804: checking for opendir in -ldir
configure:5831: gcc -o conftest -g -O2   -D_DARWIN_C_SOURCE  conftest.c -ldir   >&5
ld: library not found for -ldir
collect2: ld returned 1 exit status
configure:5834: $? = 1
configure: failed program was:
#line 5812 "configure"
#include "confdefs.h"

/* Override any gcc2 internal prototype to avoid an error.  */
#ifdef __cplusplus
extern "C"
#endif
/* We use char because int might match the return type of a gcc2
   builtin and then its argument prototype would still apply.  */
char opendir ();
int
main ()
{
opendir ();
  ;
  return 0;
}
configure:5851: result: no
configure:5913: checking for ANSI C header files
configure:5927: gcc -E   -D_DARWIN_C_SOURCE conftest.c
configure:5933: $? = 0
configure:6020: gcc -o conftest -g -O2   -D_DARWIN_C_SOURCE  conftest.c  >&5
configure:6023: $? = 0
configure:6025: ./conftest
configure:6028: $? = 0
configure:6041: result: yes
configure:6059: checking for limits.h
configure:6069: gcc -E   -D_DARWIN_C_SOURCE conftest.c
configure:6075: $? = 0
configure:6094: result: yes
configure:6059: checking for unistd.h
configure:6069: gcc -E   -D_DARWIN_C_SOURCE conftest.c
configure:6075: $? = 0
configure:6094: result: yes
configure:6059: checking for pwd.h
configure:6069: gcc -E   -D_DARWIN_C_SOURCE conftest.c
configure:6075: $? = 0
configure:6094: result: yes
configure:6059: checking for grp.h
configure:6069: gcc -E   -D_DARWIN_C_SOURCE conftest.c
configure:6075: $? = 0
configure:6094: result: yes
configure:6110: checking for sys/types.h
configure:6122: gcc -c -g -O2   -D_DARWIN_C_SOURCE conftest.c >&5
configure:6125: $? = 0
configure:6128: test -s conftest.o
configure:6131: $? = 0
configure:6141: result: yes
configure:6110: checking for sys/stat.h
configure:6122: gcc -c -g -O2   -D_DARWIN_C_SOURCE conftest.c >&5
configure:6125: $? = 0
configure:6128: test -s conftest.o
configure:6131: $? = 0
configure:6141: result: yes
configure:6110: checking for stdlib.h
configure:6122: gcc -c -g -O2   -D_DARWIN_C_SOURCE conftest.c >&5
configure:6125: $? = 0
configure:6128: test -s conftest.o
configure:6131: $? = 0
configure:6141: result: yes
configure:6110: checking for string.h
configure:6122: gcc -c -g -O2   -D_DARWIN_C_SOURCE conftest.c >&5
configure:6125: $? = 0
configure:6128: test -s conftest.o
configure:6131: $? = 0
configure:6141: result: yes
configure:6110: checking for memory.h
configure:6122: gcc -c -g -O2   -D_DARWIN_C_SOURCE conftest.c >&5
configure:6125: $? = 0
configure:6128: test -s conftest.o
configure:6131: $? = 0
configure:6141: result: yes
configure:6110: checking for strings.h
configure:6122: gcc -c -g -O2   -D_DARWIN_C_SOURCE conftest.c >&5
configure:6125: $? = 0
configure:6128: test -s conftest.o
configure:6131: $? = 0
configure:6141: result: yes
configure:6110: checking for inttypes.h
configure:6122: gcc -c -g -O2   -D_DARWIN_C_SOURCE conftest.c >&5
configure:6125: $? = 0
configure:6128: test -s conftest.o
configure:6131: $? = 0
configure:6141: result: yes
configure:6110: checking for stdint.h
configure:6122: gcc -c -g -O2   -D_DARWIN_C_SOURCE conftest.c >&5
configure:6125: $? = 0
configure:6128: test -s conftest.o
configure:6131: $? = 0
configure:6141: result: yes
configure:6110: checking for unistd.h
configure:6141: result: yes
configure:6151: checking for mode_t
configure:6172: gcc -c -g -O2   -D_DARWIN_C_SOURCE conftest.c >&5
configure:6175: $? = 0
configure:6178: test -s conftest.o
configure:6181: $? = 0
configure:6191: result: yes
configure:6203: checking whether struct tm is in sys/time.h or time.h
configure:6223: gcc -c -g -O2   -D_DARWIN_C_SOURCE conftest.c >&5
configure:6226: $? = 0
configure:6229: test -s conftest.o
configure:6232: $? = 0
configure:6242: result: time.h
configure:6252: checking for extra include directories
configure:6278: result: no
configure:6282: checking if we have identified curses headers
configure:6306: gcc -c -g -O2   -D_DARWIN_C_SOURCE conftest.c >&5
configure:6309: $? = 0
configure:6312: test -s conftest.o
configure:6315: $? = 0
configure:6326: result: ncurses.h
configure:6340: checking for ncurses.h
configure:6350: gcc -E   -D_DARWIN_C_SOURCE conftest.c
configure:6356: $? = 0
configure:6375: result: yes
configure:6385: checking for terminfo header
configure:6418: gcc -c -g -O2   -D_DARWIN_C_SOURCE conftest.c >&5
configure:6421: $? = 0
configure:6424: test -s conftest.o
configure:6427: $? = 0
configure:6443: result: term.h
configure:6472: checking for chtype typedef
configure:6491: gcc -c -g -O2   -D_DARWIN_C_SOURCE conftest.c >&5
configure:6494: $? = 0
configure:6497: test -s conftest.o
configure:6500: $? = 0
configure:6510: result: yes
configure:6517: checking if chtype is scalar or struct
configure:6536: gcc -c -g -O2   -D_DARWIN_C_SOURCE conftest.c >&5
configure:6539: $? = 0
configure:6542: test -s conftest.o
configure:6545: $? = 0
configure:6555: result: scalar
configure:6568: checking for unistd.h
configure:6603: result: yes
configure:6568: checking for getopt.h
configure:6578: gcc -E   -D_DARWIN_C_SOURCE conftest.c
configure:6584: $? = 0
configure:6603: result: yes
configure:6613: checking for header declaring getopt variables
configure:6636: gcc -c -g -O2   -D_DARWIN_C_SOURCE conftest.c >&5
configure: In function 'main':
configure:6629: error: 'optind' undeclared (first use in this function)
configure:6629: error: (Each undeclared identifier is reported only once
configure:6629: error: for each function it appears in.)
configure:6629: error: 'optarg' undeclared (first use in this function)
configure:6639: $? = 1
configure: failed program was:
#line 6623 "configure"
#include "confdefs.h"

#include <stdio.h>
int
main ()
{
int x = optind; char *y = optarg
  ;
  return 0;
}
configure:6636: gcc -c -g -O2   -D_DARWIN_C_SOURCE conftest.c >&5
configure: In function 'main':
configure:6629: error: 'optind' undeclared (first use in this function)
configure:6629: error: (Each undeclared identifier is reported only once
configure:6629: error: for each function it appears in.)
configure:6629: error: 'optarg' undeclared (first use in this function)
configure:6639: $? = 1
configure: failed program was:
#line 6623 "configure"
#include "confdefs.h"

#include <stdlib.h>
int
main ()
{
int x = optind; char *y = optarg
  ;
  return 0;
}
configure:6636: gcc -c -g -O2   -D_DARWIN_C_SOURCE conftest.c >&5
configure:6639: $? = 0
configure:6642: test -s conftest.o
configure:6645: $? = 0
configure:6657: result: unistd.h
configure:6676: checking for getcwd
configure:6713: gcc -o conftest -g -O2   -D_DARWIN_C_SOURCE  conftest.c  >&5
configure:6716: $? = 0
configure:6719: test -s conftest
configure:6722: $? = 0
configure:6732: result: yes
configure:6676: checking for mktime
configure:6713: gcc -o conftest -g -O2   -D_DARWIN_C_SOURCE  conftest.c  >&5
configure:6716: $? = 0
configure:6719: test -s conftest
configure:6722: $? = 0
configure:6732: result: yes
configure:6676: checking for strdup
configure:6713: gcc -o conftest -g -O2   -D_DARWIN_C_SOURCE  conftest.c  >&5
configure:6692: warning: conflicting types for built-in function 'strdup'
configure:6716: $? = 0
configure:6719: test -s conftest
configure:6722: $? = 0
configure:6732: result: yes
configure:6676: checking for strerror
configure:6713: gcc -o conftest -g -O2   -D_DARWIN_C_SOURCE  conftest.c  >&5
configure:6716: $? = 0
configure:6719: test -s conftest
configure:6722: $? = 0
configure:6732: result: yes
configure:6676: checking for getlogin
configure:6713: gcc -o conftest -g -O2   -D_DARWIN_C_SOURCE  conftest.c  >&5
configure:6716: $? = 0
configure:6719: test -s conftest
configure:6722: $? = 0
configure:6732: result: yes
configure:6676: checking for sleep
configure:6713: gcc -o conftest -g -O2   -D_DARWIN_C_SOURCE  conftest.c  >&5
configure:6716: $? = 0
configure:6719: test -s conftest
configure:6722: $? = 0
configure:6732: result: yes
configure:6742: checking for lstat
configure:6763: gcc -o conftest -g -O2   -D_DARWIN_C_SOURCE  conftest.c  >&5
configure:6766: $? = 0
configure:6769: test -s conftest
configure:6772: $? = 0
configure:6784: result: yes 
configure:6793: checking for setlocale()
configure:6812: gcc -o conftest -g -O2   -D_DARWIN_C_SOURCE  conftest.c  >&5
configure:6815: $? = 0
configure:6818: test -s conftest
configure:6821: $? = 0
configure:6833: result: yes
configure:6841: checking for library to use
configure:6863: result: curses
configure:13327: checking for extra include directories
configure:13353: result: no
configure:13357: checking if we have identified curses headers
configure:13401: result: ncurses.h
configure:13415: checking for ncurses.h
configure:13450: result: yes
configure:13460: checking for terminfo header
configure:13518: result: term.h
configure:13547: checking for ncurses version
configure:13611: gcc -o conftest -g -O2   -D_DARWIN_C_SOURCE  conftest.c  >&5
configure:13614: $? = 0
configure:13616: ./conftest
configure:13619: $? = 0
configure:13633: result: 5.7.20081102
configure:13639: checking if we have identified curses libraries
configure:13654: gcc -o conftest -g -O2   -D_DARWIN_C_SOURCE  conftest.c  >&5
Undefined symbols for architecture x86_64:
  "_initscr", referenced from:
      _main in ccROBdu4.o
  "_tgoto", referenced from:
      _main in ccROBdu4.o
ld: symbol(s) not found for architecture x86_64
collect2: ld returned 1 exit status
configure:13657: $? = 1
configure: failed program was:
#line 13642 "configure"
#include "confdefs.h"
#include <ncurses.h>
int
main ()
{
initscr(); tgoto("?", 0,0)
  ;
  return 0;
}
configure:13672: result: no
configure:14006: checking for tgoto
configure:14043: gcc -o conftest -g -O2   -D_DARWIN_C_SOURCE  conftest.c  >&5
Undefined symbols for architecture x86_64:
  "_tgoto", referenced from:
      _main in cc9nTSvL.o
ld: symbol(s) not found for architecture x86_64
collect2: ld returned 1 exit status
configure:14046: $? = 1
configure: failed program was:
#line 14012 "configure"
#include "confdefs.h"
/* System header to define __stub macros and hopefully few prototypes,
    which can conflict with char tgoto (); below.  */
#include <assert.h>
/* Override any gcc2 internal prototype to avoid an error.  */
#ifdef __cplusplus
extern "C"
#endif
/* We use char because int might match the return type of a gcc2
   builtin and then its argument prototype would still apply.  */
char tgoto ();
char (*f) ();

int
main ()
{
/* The GNU C library defines this for functions which it implements
    to always fail with ENOSYS.  Some functions are actually named
    something starting with __ and the normal name is an alias.  */
#if defined (__stub_tgoto) || defined (__stub___tgoto)
choke me
#else
f = tgoto; /* workaround for ICC 12.0.3 */ if (f == 0) return 1;
#endif

  ;
  return 0;
}
configure:14062: result: no
configure:14071: checking for tgoto in -lncurses
configure:14098: gcc -o conftest -g -O2   -D_DARWIN_C_SOURCE  conftest.c -lncurses   >&5
configure:14101: $? = 0
configure:14104: test -s conftest
configure:14107: $? = 0
configure:14118: result: yes
configure:14133: checking for initscr in -lncurses
configure:14160: gcc -o conftest -g -O2   -D_DARWIN_C_SOURCE  conftest.c -lncurses  -lncurses  >&5
configure:14163: $? = 0
configure:14166: test -s conftest
configure:14169: $? = 0
configure:14180: result: yes
configure:14309: checking for XXX-config rootname
configure:14317: result: cdk
configure:14320: checking if cdk.h should be in header subdirectory
configure:14328: result: 
configure:14338: checking for header subdirectory
configure:14346: result: cdk
configure:14349: checking for library name
configure:14357: result: cdk
configure:14360: checking if improved const-typing should be used
configure:14370: result: no
configure:14394: checking if we must define _XOPEN_SOURCE_EXTENDED
configure:14423: gcc -o conftest -g -O2   -D_DARWIN_C_SOURCE  conftest.c -lncurses  >&5
configure:14426: $? = 0
configure:14429: test -s conftest
configure:14432: $? = 0
configure:14482: result: no
configure:14486: checking for term.h
configure:14591: result: term.h
configure:14615: checking for unctrl.h
configure:14650: gcc -c -g -O2   -D_DARWIN_C_SOURCE conftest.c >&5
configure:14653: $? = 0
configure:14656: test -s conftest.o
configure:14659: $? = 0
configure:14679: result: unctrl.h
configure:14716: checking for Xinitscr
configure:14719: testing Xinitscr ...
configure:14760: gcc -o conftest -g -O2   -D_DARWIN_C_SOURCE  conftest.c -lncurses  >&5
configure: In function 'main':
configure:14749: error: 'Xinitscr' undeclared (first use in this function)
configure:14749: error: (Each undeclared identifier is reported only once
configure:14749: error: for each function it appears in.)
configure:14763: $? = 1
configure: failed program was:
#line 14728 "configure"
#include "confdefs.h"

#ifdef HAVE_XCURSES
#include <xcurses.h>
char * XCursesProgramName = "test";
#else
#include <ncurses.h>
#if defined(NCURSES_VERSION) && defined(HAVE_NCURSESW_TERM_H)
#include <ncursesw/term.h>
#elif defined(NCURSES_VERSION) && defined(HAVE_NCURSES_TERM_H)
#include <ncurses/term.h>
#elif defined(HAVE_TERM_H)
#include <term.h>
#endif
#endif

int
main ()
{

#ifndef Xinitscr
long foo = (long)(&Xinitscr);
if (foo + 1234 > 5678)
	return(foo);
#endif

  ;
  return 0;
}
configure:14785: result: no
configure:14716: checking for getbegx
configure:14719: testing getbegx ...
configure:14760: gcc -o conftest -g -O2   -D_DARWIN_C_SOURCE  conftest.c -lncurses  >&5
configure:14763: $? = 0
configure:14766: test -s conftest
configure:14769: $? = 0
configure:14785: result: yes
configure:14716: checking for getbegy
configure:14719: testing getbegy ...
configure:14760: gcc -o conftest -g -O2   -D_DARWIN_C_SOURCE  conftest.c -lncurses  >&5
configure:14763: $? = 0
configure:14766: test -s conftest
configure:14769: $? = 0
configure:14785: result: yes
configure:14716: checking for getmaxx
configure:14719: testing getmaxx ...
configure:14760: gcc -o conftest -g -O2   -D_DARWIN_C_SOURCE  conftest.c -lncurses  >&5
configure:14763: $? = 0
configure:14766: test -s conftest
configure:14769: $? = 0
configure:14785: result: yes
configure:14716: checking for getmaxy
configure:14719: testing getmaxy ...
configure:14760: gcc -o conftest -g -O2   -D_DARWIN_C_SOURCE  conftest.c -lncurses  >&5
configure:14763: $? = 0
configure:14766: test -s conftest
configure:14769: $? = 0
configure:14785: result: yes
configure:14716: checking for start_color
configure:14719: testing start_color ...
configure:14760: gcc -o conftest -g -O2   -D_DARWIN_C_SOURCE  conftest.c -lncurses  >&5
configure:14763: $? = 0
configure:14766: test -s conftest
configure:14769: $? = 0
configure:14785: result: yes
configure:14910: checking how to define setbegyx
configure:14935: gcc -c -g -O2   -D_DARWIN_C_SOURCE conftest.c >&5
configure: In function 'main':
configure:14927: error: dereferencing pointer to incomplete type
configure:14927: error: dereferencing pointer to incomplete type
configure:14938: $? = 1
configure: failed program was:
#line 14917 "configure"
#include "confdefs.h"

#include <ncurses.h>

int
main ()
{

WINDOW *win = 0;
#define setbegyx(win,y,x) ((win)->_begy = (y), (win)->_begx = (x), OK)
setbegyx(win, 2, 3);

  ;
  return 0;
}
configure:14953: result: "ERR"
configure:15040: creating ./config.status

## ----------------------- ##
## Running config.status.  ##
## ----------------------- ##

This file was extended by config.status 2.52.20120310, executed with
  CONFIG_FILES    = 
  CONFIG_HEADERS  = 
  CONFIG_LINKS    = 
  CONFIG_COMMANDS = 
  > ./config.status 
on Air-2.local

config.status:15548: creating cdk-config
config.status:15548: creating include/cdk_version.h
config.status:15548: creating Makefile
config.status:15548: creating cli/Makefile
config.status:15548: creating examples/Makefile
config.status:15548: creating demos/Makefile
config.status:15645: creating include/cdk_config.h

## ----------------- ##
## Cache variables.  ##
## ----------------- ##

ac_cv_build=x86_64-apple-darwin12.4.0
ac_cv_build_alias=x86_64-apple-darwin12.4.0
ac_cv_c_compiler_gnu=yes
ac_cv_c_const=yes
ac_cv_env_CC_set=
ac_cv_env_CC_value=
ac_cv_env_CFLAGS_set=
ac_cv_env_CFLAGS_value=
ac_cv_env_CPPFLAGS_set=
ac_cv_env_CPPFLAGS_value=
ac_cv_env_CPP_set=
ac_cv_env_CPP_value=
ac_cv_env_LDFLAGS_set=
ac_cv_env_LDFLAGS_value=
ac_cv_env_build_alias_set=
ac_cv_env_build_alias_value=
ac_cv_env_host_alias_set=
ac_cv_env_host_alias_value=
ac_cv_env_target_alias_set=
ac_cv_env_target_alias_value=
ac_cv_func_getcwd=yes
ac_cv_func_getlogin=yes
ac_cv_func_lstat=yes
ac_cv_func_mktime=yes
ac_cv_func_sleep=yes
ac_cv_func_strdup=yes
ac_cv_func_strerror=yes
ac_cv_func_tgoto=no
ac_cv_header_dirent_dirent_h=yes
ac_cv_header_getopt_h=yes
ac_cv_header_grp_h=yes
ac_cv_header_inttypes_h=yes
ac_cv_header_limits_h=yes
ac_cv_header_memory_h=yes
ac_cv_header_ncurses_h=yes
ac_cv_header_pwd_h=yes
ac_cv_header_stdc=yes
ac_cv_header_stdint_h=yes
ac_cv_header_stdlib_h=yes
ac_cv_header_string_h=yes
ac_cv_header_strings_h=yes
ac_cv_header_sys_stat_h=yes
ac_cv_header_sys_types_h=yes
ac_cv_header_unistd_h=yes
ac_cv_host=x86_64-apple-darwin12.4.0
ac_cv_host_alias=x86_64-apple-darwin12.4.0
ac_cv_lib_dir_opendir=no
ac_cv_lib_ncurses___initscr=yes
ac_cv_lib_ncurses___tgoto=yes
ac_cv_objext=o
ac_cv_path_ac_pt_PKG_CONFIG=/opt/local/bin/pkg-config
ac_cv_path_install='/opt/local/bin/ginstall -c'
ac_cv_prog_CPP='gcc -E'
ac_cv_prog_CTAGS=ctags
ac_cv_prog_ETAGS=etags
ac_cv_prog_MAKE_LOWER_TAGS=yes
ac_cv_prog_ac_ct_AR=ar
ac_cv_prog_ac_ct_CC=gcc
ac_cv_prog_ac_ct_RANLIB=ranlib
ac_cv_prog_cc_g=yes
ac_cv_prog_cc_stdc=
ac_cv_prog_gcc_traditional=no
ac_cv_prog_make_make_set=yes
ac_cv_struct_tm=time.h
ac_cv_type_mode_t=yes
cf_cv_ansi_cc=-DCC_HAS_PROTOS
cf_cv_chtype_decl=yes
cf_cv_chtype_type=scalar
cf_cv_curses_dir=no
cf_cv_curses_incdir=no
cf_cv_func_Xinitscr=no
cf_cv_func_getbegx=yes
cf_cv_func_getbegy=yes
cf_cv_func_getmaxx=yes
cf_cv_func_getmaxy=yes
cf_cv_func_start_color=yes
cf_cv_getopt_header=unistd.h
cf_cv_locale=yes
cf_cv_makeflags=
cf_cv_mixedcase=no
cf_cv_ncurses_header=ncurses.h
cf_cv_ncurses_version=5.7.20081102
cf_cv_need_xopen_extension=no
cf_cv_system_name=darwin12.4.0
cf_cv_term_header=term.h
cf_cv_unctrl_header=unctrl.h

## ------------ ##
## confdefs.h.  ##
## ------------ ##

#define SYSTEM_NAME "darwin12.4.0"
#define PACKAGE "cdk"
#define CDK_VERSION "5.0"
#define CDK_PATCHDATE 20120323
#define CC_HAS_PROTOS 1
#define HAVE_DIRENT_H 1
#define STDC_HEADERS 1
#define HAVE_LIMITS_H 1
#define HAVE_UNISTD_H 1
#define HAVE_PWD_H 1
#define HAVE_GRP_H 1
#define HAVE_SYS_TYPES_H 1
#define HAVE_SYS_STAT_H 1
#define HAVE_STDLIB_H 1
#define HAVE_STRING_H 1
#define HAVE_MEMORY_H 1
#define HAVE_STRINGS_H 1
#define HAVE_INTTYPES_H 1
#define HAVE_STDINT_H 1
#define HAVE_UNISTD_H 1
#define HAVE_NCURSES_H 1
#define HAVE_TERM_H 1
#define HAVE_TYPE_CHTYPE 1
#define TYPE_CHTYPE_IS_SCALAR 1
#define HAVE_UNISTD_H 1
#define HAVE_GETOPT_H 1
#define HAVE_GETOPT_HEADER 1
#define HAVE_GETCWD 1
#define HAVE_MKTIME 1
#define HAVE_STRDUP 1
#define HAVE_STRERROR 1
#define HAVE_GETLOGIN 1
#define HAVE_SLEEP 1
#define HAVE_LSTAT 1
#define HAVE_SETLOCALE 1
#define HAVE_NCURSES_H 1
#define HAVE_TERM_H 1
#define NCURSES 1
#define CDK_CONST /*nothing*/
#define CDK_CSTRING CDK_CONST char *
#define CDK_CSTRING2 CDK_CONST char * CDK_CONST *
#define HAVE_TERM_H 1
#define HAVE_UNCTRL_H 1
#define HAVE_GETBEGX 1
#define HAVE_GETBEGY 1
#define HAVE_GETMAXX 1
#define HAVE_GETMAXY 1
#define HAVE_START_COLOR 1
#define setbegyx(win,y,x) ERR


configure: exit 0
